<?xml version="1.0" encoding="UTF-8"?>
<testng-results ignored="0" total="1" passed="1" failed="0" skipped="0">
  <reporter-output>
  </reporter-output>
  <suite started-at="2025-05-28T19:32:09 PET" name="Default suite" finished-at="2025-05-28T19:32:26 PET" duration-ms="17391">
    <groups>
    </groups>
    <test started-at="2025-05-28T19:32:09 PET" name="Default test" finished-at="2025-05-28T19:32:26 PET" duration-ms="17391">
      <class name="Sanity_test.web_cookunity_test">
        <test-method is-config="true" signature="setUp()[pri:0, instance:Sanity_test.web_cookunity_test@639c2c1d]" started-at="2025-05-28T19:32:09 PET" name="setUp" finished-at="2025-05-28T19:32:11 PET" duration-ms="2382" status="PASS">
          <reporter-output>
          </reporter-output>
        </test-method> <!-- setUp -->
        <test-method signature="testMealPlanSelection()[pri:0, instance:Sanity_test.web_cookunity_test@639c2c1d]" started-at="2025-05-28T19:32:11 PET" name="testMealPlanSelection" finished-at="2025-05-28T19:32:26 PET" duration-ms="14724" status="PASS">
          <reporter-output>
          </reporter-output>
        </test-method> <!-- testMealPlanSelection -->
        <test-method is-config="true" signature="tearDown()[pri:0, instance:Sanity_test.web_cookunity_test@639c2c1d]" started-at="2025-05-28T19:32:26 PET" name="tearDown" finished-at="2025-05-28T19:32:26 PET" duration-ms="250" status="PASS">
          <reporter-output>
          </reporter-output>
        </test-method> <!-- tearDown -->
      </class> <!-- Sanity_test.web_cookunity_test -->
    </test> <!-- Default test -->
  </suite> <!-- Default suite -->
</testng-results>
